<?xml version="1.0" encoding="UTF-8"?>
<!-- Generated by org.testng.reporters.JUnitReportReporter -->
<testsuite hostname="jam-TP300LA" failures="0" tests="1" name="com.web.AppTest" time="0.017" errors="0" timestamp="2019-09-28T15:40:13 MSK" skipped="0">
  <testcase classname="com.web.AppTest" name="shouldAnswerWithTrue" time="0.017"/>
</testsuite> <!-- com.web.AppTest -->
